Build started 3/26/2017 10:55:07 PM.
     1>Project "C:\MAK\vrforces4.4.2\InTerra\simpleCGF\simpleCGFDIS.vcxproj" on node 2 (Build target(s)).
     1>Link:
         C:\Program Files (x86)\Microsoft Visual Studio 12.0\VC\bin\x86_amd64\link.exe /ERRORREPORT:PROMPT /OUT:"..\..\InTerra\simpleCGF\build64\Debug\simpleCGFDISd.exe" /INCREMENTAL /NOLOGO /LIBPATH:../../lib64 /LIBPATH:../../lib64/Debug /LIBPATH:/lib /LIBPATH:/lib/Debug /LIBPATH:/lib64 /LIBPATH:/lib64/Debug /LIBPATH:/lib64 /LIBPATH:/lib64/Debug /LIBPATH:../../lib /LIBPATH:../../lib/Debug /LIBPATH:/lib64 /LIBPATH:/lib64/Debug /LIBPATH:/Debug kernel32.lib user32.lib gdi32.lib winspool.lib shell32.lib ole32.lib oleaut32.lib uuid.lib comdlg32.lib advapi32.lib lua5.1.lib vrfcgfDISd.lib vrfutild.lib vrftasksd.lib c:\MAK\vrlink5.3.1\lib64\vlutild.lib c:\MAK\vrlink5.3.1\lib64\matrixd.lib c:\MAK\vrlink5.3.1\lib64\mtld.lib c:\MAK\vrlink5.3.1\lib64\vlDISd.lib c:\MAK\vrlink5.3.1\lib64\vld.lib vrfExtProtocold.lib tdbutild.lib terrainInterface.lib terrainInterfaced.lib /NODEFAULTLIB:msvcrt.lib /MANIFEST /MANIFESTUAC:"level='asInvoker' uiAccess='false'" /manifest:embed /DEBUG /PDB:"../../examples/simpleCGF/build64/Debug/simpleCGFDISd.pdb" /SUBSYSTEM:CONSOLE /LARGEADDRESSAWARE /TLBID:1 /DYNAMICBASE /NXCOMPAT /IMPLIB:"../../InTerra/simpleCGF/build64/Debug/simpleCGFDISd.lib" /MACHINE:X64  /machine:x64 /debug simpleCGFDIS.dir/Debug/main.obj
         simpleCGFDIS.vcxproj -> C:\MAK\vrforces4.4.2\InTerra\simpleCGF\..\..\InTerra\simpleCGF\build64\Debug\simpleCGFDISd.exe
       PostBuildEvent:
         setlocal
         echo xcopy "C:\MAK\vrforces4.4.2\InTerra\simpleCGF\..\..\InTerra\simpleCGF\build64\Debug\simpleCGFDISd.exe" ..\..\bin64 /y /q
         if %errorlevel% neq 0 goto :cmEnd
         :cmEnd
         endlocal & call :cmErrorLevel %errorlevel% & goto :cmDone
         :cmErrorLevel
         exit /b %1
         :cmDone
         if %errorlevel% neq 0 goto :VCEnd
         setlocal
         xcopy "C:\MAK\vrforces4.4.2\InTerra\simpleCGF\..\..\InTerra\simpleCGF\build64\Debug\simpleCGFDISd.exe" ..\..\bin64 /y /q
         if %errorlevel% neq 0 goto :cmEnd
         :cmEnd
         endlocal & call :cmErrorLevel %errorlevel% & goto :cmDone
         :cmErrorLevel
         exit /b %1
         :cmDone
         if %errorlevel% neq 0 goto :VCEnd
         :VCEnd
         xcopy "C:\MAK\vrforces4.4.2\InTerra\simpleCGF\..\..\InTerra\simpleCGF\build64\Debug\simpleCGFDISd.exe" ..\..\bin64 /y /q
         1 File(s) copied
     1>Done Building Project "C:\MAK\vrforces4.4.2\InTerra\simpleCGF\simpleCGFDIS.vcxproj" (Build target(s)).

Build succeeded.

Time Elapsed 00:00:00.61
